[1 - Suricata-Main] 2026-02-28 07:52:42 Notice: suricata: This is Suricata version 8.0.3 RELEASE running in SYSTEM mode
[1 - Suricata-Main] 2026-02-28 07:52:42 Info: cpu: CPUs/cores online: 8
[1 - Suricata-Main] 2026-02-28 07:52:42 Info: suricata: Setting engine mode to IDS mode by default
[1 - Suricata-Main] 2026-02-28 07:52:42 Info: exception-policy: master exception-policy set to: auto
[1 - Suricata-Main] 2026-02-28 07:52:42 Info: privs: dropped the caps for main thread
[1 - Suricata-Main] 2026-02-28 07:52:42 Info: conf: Running in live mode, activating unix socket
[1 - Suricata-Main] 2026-02-28 07:52:42 Info: logopenfile: fast output device (regular) initialized: fast.log
[1 - Suricata-Main] 2026-02-28 07:52:42 Info: logopenfile: eve-log output device (regular) initialized: eve.json
[1 - Suricata-Main] 2026-02-28 07:52:42 Info: logopenfile: stats output device (regular) initialized: stats.log
[1 - Suricata-Main] 2026-02-28 07:52:42 Warning: detect: No rule files match the pattern /var/lib/suricata/rules/suricata.rules
[1 - Suricata-Main] 2026-02-28 07:52:42 Warning: detect: 1 rule files specified, but no rules were loaded!
[1 - Suricata-Main] 2026-02-28 07:52:42 Info: threshold-config: Threshold config parsed: 0 rule(s) found
[1 - Suricata-Main] 2026-02-28 07:52:42 Info: detect: 0 signatures processed. 0 are IP-only rules, 0 are inspecting packet payload, 0 inspect application layer, 0 are decoder event only
[1 - Suricata-Main] 2026-02-28 07:52:42 Notice: mpm-hs: Rule group caching - loaded: 0 newly cached: 0 total cacheable: 0
[1 - Suricata-Main] 2026-02-28 07:52:42 Info: unix-manager: unix socket '/var/run/suricata/suricata-command.socket'
[1 - Suricata-Main] 2026-02-28 07:52:43 Info: runmodes: eth0: creating 8 threads
[21 - W#01-eth0] 2026-02-28 07:52:43 Info: ioctl: eth0: MTU 1500
[1 - Suricata-Main] 2026-02-28 07:52:43 Notice: threads: Threads created -> W: 8 FM: 1 FR: 1   Engine started.
[1 - Suricata-Main] 2026-02-28 08:37:26 Notice: suricata: Signal Received.  Stopping engine.
[1 - Suricata-Main] 2026-02-28 08:37:26 Info: suricata: time elapsed 2683.658s
[1 - Suricata-Main] 2026-02-28 08:37:27 Info: counters: Alerts: 0
[1 - Suricata-Main] 2026-02-28 08:37:27 Notice: device: eth0: packets: 155, drops: 0 (0.00%), invalid chksum: 0
[1 - Suricata-Main] 2026-02-28 08:40:50 Notice: suricata: This is Suricata version 8.0.3 RELEASE running in SYSTEM mode
[1 - Suricata-Main] 2026-02-28 08:40:50 Info: cpu: CPUs/cores online: 8
[1 - Suricata-Main] 2026-02-28 08:40:50 Info: suricata: Setting engine mode to IDS mode by default
[1 - Suricata-Main] 2026-02-28 08:40:50 Info: exception-policy: master exception-policy set to: auto
[1 - Suricata-Main] 2026-02-28 08:40:50 Info: privs: dropped the caps for main thread
[1 - Suricata-Main] 2026-02-28 08:40:50 Info: conf: Running in live mode, activating unix socket
[1 - Suricata-Main] 2026-02-28 08:40:50 Info: logopenfile: fast output device (regular) initialized: fast.log
[1 - Suricata-Main] 2026-02-28 08:40:50 Info: logopenfile: eve-log output device (regular) initialized: eve.json
[1 - Suricata-Main] 2026-02-28 08:40:50 Info: logopenfile: stats output device (regular) initialized: stats.log
[1 - Suricata-Main] 2026-02-28 08:40:50 Warning: detect: No rule files match the pattern /var/lib/suricata/rules/suricata.rules
[1 - Suricata-Main] 2026-02-28 08:40:50 Warning: detect: 1 rule files specified, but no rules were loaded!
[1 - Suricata-Main] 2026-02-28 08:40:50 Info: threshold-config: Threshold config parsed: 0 rule(s) found
[1 - Suricata-Main] 2026-02-28 08:40:50 Info: detect: 0 signatures processed. 0 are IP-only rules, 0 are inspecting packet payload, 0 inspect application layer, 0 are decoder event only
[1 - Suricata-Main] 2026-02-28 08:40:50 Notice: mpm-hs: Rule group caching - loaded: 0 newly cached: 0 total cacheable: 0
[1 - Suricata-Main] 2026-02-28 08:40:50 Info: unix-manager: unix socket '/var/run/suricata/suricata-command.socket'
[1 - Suricata-Main] 2026-02-28 08:40:50 Info: runmodes: eth0: creating 8 threads
[22 - W#01-eth0] 2026-02-28 08:40:51 Info: ioctl: eth0: MTU 1500
[1 - Suricata-Main] 2026-02-28 08:40:51 Notice: threads: Threads created -> W: 8 FM: 1 FR: 1   Engine started.
[1 - Suricata-Main] 2026-02-28 08:55:33 Notice: suricata: Signal Received.  Stopping engine.
[1 - Suricata-Main] 2026-02-28 08:55:33 Info: suricata: time elapsed 882.741s
[1 - Suricata-Main] 2026-02-28 08:55:34 Info: counters: Alerts: 0
[1 - Suricata-Main] 2026-02-28 08:55:34 Notice: device: eth0: packets: 136, drops: 0 (0.00%), invalid chksum: 0
[1 - Suricata-Main] 2026-02-28 09:11:25 Notice: suricata: This is Suricata version 8.0.3 RELEASE running in SYSTEM mode
[1 - Suricata-Main] 2026-02-28 09:11:25 Info: cpu: CPUs/cores online: 8
[1 - Suricata-Main] 2026-02-28 09:11:25 Info: suricata: Setting engine mode to IDS mode by default
[1 - Suricata-Main] 2026-02-28 09:11:25 Info: exception-policy: master exception-policy set to: auto
[1 - Suricata-Main] 2026-02-28 09:11:25 Info: privs: dropped the caps for main thread
[1 - Suricata-Main] 2026-02-28 09:11:25 Info: conf: Running in live mode, activating unix socket
[1 - Suricata-Main] 2026-02-28 09:11:25 Info: logopenfile: fast output device (regular) initialized: fast.log
[1 - Suricata-Main] 2026-02-28 09:11:25 Info: logopenfile: eve-log output device (regular) initialized: eve.json
[1 - Suricata-Main] 2026-02-28 09:11:25 Info: logopenfile: stats output device (regular) initialized: stats.log
[1 - Suricata-Main] 2026-02-28 09:11:25 Warning: detect: No rule files match the pattern /var/lib/suricata/rules/suricata.rules
[1 - Suricata-Main] 2026-02-28 09:11:25 Warning: detect: 1 rule files specified, but no rules were loaded!
[1 - Suricata-Main] 2026-02-28 09:11:25 Info: threshold-config: Threshold config parsed: 0 rule(s) found
[1 - Suricata-Main] 2026-02-28 09:11:25 Info: detect: 0 signatures processed. 0 are IP-only rules, 0 are inspecting packet payload, 0 inspect application layer, 0 are decoder event only
[1 - Suricata-Main] 2026-02-28 09:11:25 Notice: mpm-hs: Rule group caching - loaded: 0 newly cached: 0 total cacheable: 0
[1 - Suricata-Main] 2026-02-28 09:11:25 Info: unix-manager: unix socket '/var/run/suricata/suricata-command.socket'
[1 - Suricata-Main] 2026-02-28 09:11:25 Info: runmodes: eth0: creating 8 threads
[21 - W#01-eth0] 2026-02-28 09:11:25 Info: ioctl: eth0: MTU 1500
[1 - Suricata-Main] 2026-02-28 09:11:26 Notice: threads: Threads created -> W: 8 FM: 1 FR: 1   Engine started.
[1 - Suricata-Main] 2026-02-28 09:17:25 Notice: suricata: Signal Received.  Stopping engine.
[1 - Suricata-Main] 2026-02-28 09:17:25 Info: suricata: time elapsed 359.961s
[1 - Suricata-Main] 2026-02-28 09:17:26 Info: counters: Alerts: 0
[1 - Suricata-Main] 2026-02-28 09:17:26 Notice: device: eth0: packets: 81, drops: 0 (0.00%), invalid chksum: 0
[1 - Suricata-Main] 2026-02-28 09:28:00 Notice: suricata: This is Suricata version 8.0.3 RELEASE running in SYSTEM mode
[1 - Suricata-Main] 2026-02-28 09:28:00 Info: cpu: CPUs/cores online: 8
[1 - Suricata-Main] 2026-02-28 09:28:00 Info: suricata: Setting engine mode to IDS mode by default
[1 - Suricata-Main] 2026-02-28 09:28:00 Info: exception-policy: master exception-policy set to: auto
[1 - Suricata-Main] 2026-02-28 09:28:00 Info: privs: dropped the caps for main thread
[1 - Suricata-Main] 2026-02-28 09:28:00 Info: conf: Running in live mode, activating unix socket
[1 - Suricata-Main] 2026-02-28 09:28:00 Info: logopenfile: fast output device (regular) initialized: fast.log
[1 - Suricata-Main] 2026-02-28 09:28:00 Info: logopenfile: eve-log output device (regular) initialized: eve.json
[1 - Suricata-Main] 2026-02-28 09:28:00 Info: logopenfile: stats output device (regular) initialized: stats.log
[1 - Suricata-Main] 2026-02-28 09:28:00 Warning: detect: No rule files match the pattern /var/lib/suricata/rules/suricata.rules
[1 - Suricata-Main] 2026-02-28 09:28:00 Warning: detect: 1 rule files specified, but no rules were loaded!
[1 - Suricata-Main] 2026-02-28 09:28:00 Info: threshold-config: Threshold config parsed: 0 rule(s) found
[1 - Suricata-Main] 2026-02-28 09:28:00 Info: detect: 0 signatures processed. 0 are IP-only rules, 0 are inspecting packet payload, 0 inspect application layer, 0 are decoder event only
[1 - Suricata-Main] 2026-02-28 09:28:00 Notice: mpm-hs: Rule group caching - loaded: 0 newly cached: 0 total cacheable: 0
[1 - Suricata-Main] 2026-02-28 09:28:00 Info: unix-manager: unix socket '/var/run/suricata/suricata-command.socket'
[1 - Suricata-Main] 2026-02-28 09:28:01 Info: runmodes: eth0: creating 8 threads
[21 - W#01-eth0] 2026-02-28 09:28:01 Info: ioctl: eth0: MTU 1500
[1 - Suricata-Main] 2026-02-28 09:28:01 Notice: threads: Threads created -> W: 8 FM: 1 FR: 1   Engine started.
[1 - Suricata-Main] 2026-02-28 09:28:58 Notice: suricata: Signal Received.  Stopping engine.
[1 - Suricata-Main] 2026-02-28 09:28:59 Info: suricata: time elapsed 58.034s
[1 - Suricata-Main] 2026-02-28 09:29:00 Info: counters: Alerts: 0
[1 - Suricata-Main] 2026-02-28 09:29:00 Notice: device: eth0: packets: 73, drops: 0 (0.00%), invalid chksum: 0
[1 - Suricata-Main] 2026-02-28 09:32:22 Notice: suricata: This is Suricata version 8.0.3 RELEASE running in SYSTEM mode
[1 - Suricata-Main] 2026-02-28 09:32:22 Info: cpu: CPUs/cores online: 8
[1 - Suricata-Main] 2026-02-28 09:32:22 Info: suricata: Setting engine mode to IDS mode by default
[1 - Suricata-Main] 2026-02-28 09:32:22 Info: exception-policy: master exception-policy set to: auto
[1 - Suricata-Main] 2026-02-28 09:32:22 Info: privs: dropped the caps for main thread
[1 - Suricata-Main] 2026-02-28 09:32:22 Info: conf: Running in live mode, activating unix socket
[1 - Suricata-Main] 2026-02-28 09:32:22 Info: logopenfile: fast output device (regular) initialized: fast.log
[1 - Suricata-Main] 2026-02-28 09:32:22 Info: logopenfile: eve-log output device (regular) initialized: eve.json
[1 - Suricata-Main] 2026-02-28 09:32:22 Info: logopenfile: stats output device (regular) initialized: stats.log
[1 - Suricata-Main] 2026-02-28 09:32:22 Warning: detect: No rule files match the pattern /var/lib/suricata/rules/suricata.rules
[1 - Suricata-Main] 2026-02-28 09:32:22 Warning: detect: 1 rule files specified, but no rules were loaded!
[1 - Suricata-Main] 2026-02-28 09:32:22 Info: threshold-config: Threshold config parsed: 0 rule(s) found
[1 - Suricata-Main] 2026-02-28 09:32:22 Info: detect: 0 signatures processed. 0 are IP-only rules, 0 are inspecting packet payload, 0 inspect application layer, 0 are decoder event only
[1 - Suricata-Main] 2026-02-28 09:32:22 Notice: mpm-hs: Rule group caching - loaded: 0 newly cached: 0 total cacheable: 0
[1 - Suricata-Main] 2026-02-28 09:32:22 Info: unix-manager: unix socket '/var/run/suricata/suricata-command.socket'
[1 - Suricata-Main] 2026-02-28 09:32:22 Info: runmodes: eth0: creating 8 threads
[22 - W#01-eth0] 2026-02-28 09:32:22 Info: ioctl: eth0: MTU 1500
[1 - Suricata-Main] 2026-02-28 09:32:22 Notice: threads: Threads created -> W: 8 FM: 1 FR: 1   Engine started.
[1 - Suricata-Main] 2026-02-28 09:32:55 Notice: suricata: Signal Received.  Stopping engine.
[1 - Suricata-Main] 2026-02-28 09:32:56 Info: suricata: time elapsed 34.069s
[1 - Suricata-Main] 2026-02-28 09:32:57 Info: counters: Alerts: 0
[1 - Suricata-Main] 2026-02-28 09:32:57 Notice: device: eth0: packets: 37, drops: 0 (0.00%), invalid chksum: 0
[1 - Suricata-Main] 2026-02-28 09:35:00 Notice: suricata: This is Suricata version 8.0.3 RELEASE running in SYSTEM mode
[1 - Suricata-Main] 2026-02-28 09:35:00 Info: cpu: CPUs/cores online: 8
[1 - Suricata-Main] 2026-02-28 09:35:00 Info: suricata: Setting engine mode to IDS mode by default
[1 - Suricata-Main] 2026-02-28 09:35:00 Info: exception-policy: master exception-policy set to: auto
[1 - Suricata-Main] 2026-02-28 09:35:00 Info: privs: dropped the caps for main thread
[1 - Suricata-Main] 2026-02-28 09:35:00 Info: conf: Running in live mode, activating unix socket
[1 - Suricata-Main] 2026-02-28 09:35:00 Info: logopenfile: fast output device (regular) initialized: fast.log
[1 - Suricata-Main] 2026-02-28 09:35:00 Info: logopenfile: eve-log output device (regular) initialized: eve.json
[1 - Suricata-Main] 2026-02-28 09:35:00 Info: logopenfile: stats output device (regular) initialized: stats.log
[1 - Suricata-Main] 2026-02-28 09:35:00 Warning: detect: No rule files match the pattern /var/lib/suricata/rules/suricata.rules
[1 - Suricata-Main] 2026-02-28 09:35:00 Warning: detect: 1 rule files specified, but no rules were loaded!
[1 - Suricata-Main] 2026-02-28 09:35:00 Info: threshold-config: Threshold config parsed: 0 rule(s) found
[1 - Suricata-Main] 2026-02-28 09:35:00 Info: detect: 0 signatures processed. 0 are IP-only rules, 0 are inspecting packet payload, 0 inspect application layer, 0 are decoder event only
[1 - Suricata-Main] 2026-02-28 09:35:00 Notice: mpm-hs: Rule group caching - loaded: 0 newly cached: 0 total cacheable: 0
[1 - Suricata-Main] 2026-02-28 09:35:00 Info: unix-manager: unix socket '/var/run/suricata/suricata-command.socket'
[1 - Suricata-Main] 2026-02-28 09:35:00 Info: runmodes: eth0: creating 8 threads
[21 - W#01-eth0] 2026-02-28 09:35:00 Info: ioctl: eth0: MTU 1500
[1 - Suricata-Main] 2026-02-28 09:35:01 Notice: threads: Threads created -> W: 8 FM: 1 FR: 1   Engine started.
[1 - Suricata-Main] 2026-02-28 09:35:20 Notice: suricata: Signal Received.  Stopping engine.
[1 - Suricata-Main] 2026-02-28 09:35:21 Info: suricata: time elapsed 21.109s
[1 - Suricata-Main] 2026-02-28 09:35:22 Info: counters: Alerts: 0
[1 - Suricata-Main] 2026-02-28 09:35:22 Notice: device: eth0: packets: 66, drops: 0 (0.00%), invalid chksum: 0
[1 - Suricata-Main] 2026-02-28 09:36:32 Notice: suricata: This is Suricata version 8.0.3 RELEASE running in SYSTEM mode
[1 - Suricata-Main] 2026-02-28 09:36:32 Info: cpu: CPUs/cores online: 8
[1 - Suricata-Main] 2026-02-28 09:36:32 Info: suricata: Setting engine mode to IDS mode by default
[1 - Suricata-Main] 2026-02-28 09:36:32 Info: exception-policy: master exception-policy set to: auto
[1 - Suricata-Main] 2026-02-28 09:36:33 Info: privs: dropped the caps for main thread
[1 - Suricata-Main] 2026-02-28 09:36:33 Info: conf: Running in live mode, activating unix socket
[1 - Suricata-Main] 2026-02-28 09:36:33 Info: logopenfile: fast output device (regular) initialized: fast.log
[1 - Suricata-Main] 2026-02-28 09:36:33 Info: logopenfile: eve-log output device (regular) initialized: eve.json
[1 - Suricata-Main] 2026-02-28 09:36:33 Info: logopenfile: stats output device (regular) initialized: stats.log
[1 - Suricata-Main] 2026-02-28 09:36:33 Warning: detect: No rule files match the pattern /var/lib/suricata/rules/suricata.rules
[1 - Suricata-Main] 2026-02-28 09:36:33 Warning: detect: 1 rule files specified, but no rules were loaded!
[1 - Suricata-Main] 2026-02-28 09:36:33 Info: threshold-config: Threshold config parsed: 0 rule(s) found
[1 - Suricata-Main] 2026-02-28 09:36:33 Info: detect: 0 signatures processed. 0 are IP-only rules, 0 are inspecting packet payload, 0 inspect application layer, 0 are decoder event only
[1 - Suricata-Main] 2026-02-28 09:36:33 Notice: mpm-hs: Rule group caching - loaded: 0 newly cached: 0 total cacheable: 0
[1 - Suricata-Main] 2026-02-28 09:36:33 Info: unix-manager: unix socket '/var/run/suricata/suricata-command.socket'
[1 - Suricata-Main] 2026-02-28 09:36:33 Info: runmodes: eth0: creating 8 threads
[21 - W#01-eth0] 2026-02-28 09:36:33 Info: ioctl: eth0: MTU 1500
[1 - Suricata-Main] 2026-02-28 09:36:33 Notice: threads: Threads created -> W: 8 FM: 1 FR: 1   Engine started.
[1 - Suricata-Main] 2026-02-28 09:39:40 Notice: suricata: Signal Received.  Stopping engine.
[1 - Suricata-Main] 2026-02-28 09:39:41 Info: suricata: time elapsed 188.069s
[1 - Suricata-Main] 2026-02-28 09:39:41 Info: counters: Alerts: 0
[1 - Suricata-Main] 2026-02-28 09:39:41 Notice: device: eth0: packets: 80, drops: 0 (0.00%), invalid chksum: 0
[1 - Suricata-Main] 2026-02-28 10:07:16 Notice: suricata: This is Suricata version 8.0.3 RELEASE running in SYSTEM mode
[1 - Suricata-Main] 2026-02-28 10:07:16 Info: cpu: CPUs/cores online: 8
[1 - Suricata-Main] 2026-02-28 10:07:16 Info: suricata: Setting engine mode to IDS mode by default
[1 - Suricata-Main] 2026-02-28 10:07:16 Info: exception-policy: master exception-policy set to: auto
[1 - Suricata-Main] 2026-02-28 10:07:16 Info: privs: dropped the caps for main thread
[1 - Suricata-Main] 2026-02-28 10:07:16 Info: conf: Running in live mode, activating unix socket
[1 - Suricata-Main] 2026-02-28 10:07:16 Info: logopenfile: fast output device (regular) initialized: fast.log
[1 - Suricata-Main] 2026-02-28 10:07:16 Info: logopenfile: eve-log output device (regular) initialized: eve.json
[1 - Suricata-Main] 2026-02-28 10:07:16 Info: logopenfile: stats output device (regular) initialized: stats.log
[1 - Suricata-Main] 2026-02-28 10:07:16 Warning: detect: No rule files match the pattern /var/lib/suricata/rules/suricata.rules
[1 - Suricata-Main] 2026-02-28 10:07:16 Warning: detect: 1 rule files specified, but no rules were loaded!
[1 - Suricata-Main] 2026-02-28 10:07:16 Info: threshold-config: Threshold config parsed: 0 rule(s) found
[1 - Suricata-Main] 2026-02-28 10:07:16 Info: detect: 0 signatures processed. 0 are IP-only rules, 0 are inspecting packet payload, 0 inspect application layer, 0 are decoder event only
[1 - Suricata-Main] 2026-02-28 10:07:16 Notice: mpm-hs: Rule group caching - loaded: 0 newly cached: 0 total cacheable: 0
[1 - Suricata-Main] 2026-02-28 10:07:16 Info: unix-manager: unix socket '/var/run/suricata/suricata-command.socket'
[1 - Suricata-Main] 2026-02-28 10:07:16 Info: runmodes: eth0: creating 8 threads
[21 - W#01-eth0] 2026-02-28 10:07:16 Info: ioctl: eth0: MTU 1500
[1 - Suricata-Main] 2026-02-28 10:07:17 Notice: threads: Threads created -> W: 8 FM: 1 FR: 1   Engine started.
[1 - Suricata-Main] 2026-02-28 10:09:05 Notice: suricata: Signal Received.  Stopping engine.
[1 - Suricata-Main] 2026-02-28 10:09:06 Info: suricata: time elapsed 110.030s
[1 - Suricata-Main] 2026-02-28 10:09:07 Info: counters: Alerts: 0
[1 - Suricata-Main] 2026-02-28 10:09:07 Notice: device: eth0: packets: 78, drops: 0 (0.00%), invalid chksum: 0
[1 - Suricata-Main] 2026-02-28 10:09:10 Notice: suricata: This is Suricata version 8.0.3 RELEASE running in SYSTEM mode
[1 - Suricata-Main] 2026-02-28 10:09:10 Info: cpu: CPUs/cores online: 8
[1 - Suricata-Main] 2026-02-28 10:09:10 Info: suricata: Setting engine mode to IDS mode by default
[1 - Suricata-Main] 2026-02-28 10:09:10 Info: exception-policy: master exception-policy set to: auto
[1 - Suricata-Main] 2026-02-28 10:09:10 Info: privs: dropped the caps for main thread
[1 - Suricata-Main] 2026-02-28 10:09:10 Info: conf: Running in live mode, activating unix socket
[1 - Suricata-Main] 2026-02-28 10:09:10 Info: logopenfile: fast output device (regular) initialized: fast.log
[1 - Suricata-Main] 2026-02-28 10:09:10 Info: logopenfile: eve-log output device (regular) initialized: eve.json
[1 - Suricata-Main] 2026-02-28 10:09:10 Info: logopenfile: stats output device (regular) initialized: stats.log
[1 - Suricata-Main] 2026-02-28 10:09:10 Warning: detect: No rule files match the pattern /var/lib/suricata/rules/suricata.rules
[1 - Suricata-Main] 2026-02-28 10:09:10 Warning: detect: 1 rule files specified, but no rules were loaded!
[1 - Suricata-Main] 2026-02-28 10:09:10 Info: threshold-config: Threshold config parsed: 0 rule(s) found
[1 - Suricata-Main] 2026-02-28 10:09:10 Info: detect: 0 signatures processed. 0 are IP-only rules, 0 are inspecting packet payload, 0 inspect application layer, 0 are decoder event only
[1 - Suricata-Main] 2026-02-28 10:09:10 Notice: mpm-hs: Rule group caching - loaded: 0 newly cached: 0 total cacheable: 0
[1 - Suricata-Main] 2026-02-28 10:09:10 Info: unix-manager: unix socket '/var/run/suricata/suricata-command.socket'
[1 - Suricata-Main] 2026-02-28 10:09:10 Info: runmodes: eth0: creating 8 threads
[21 - W#01-eth0] 2026-02-28 10:09:10 Info: ioctl: eth0: MTU 1500
[1 - Suricata-Main] 2026-02-28 10:09:10 Notice: threads: Threads created -> W: 8 FM: 1 FR: 1   Engine started.
[1 - Suricata-Main] 2026-02-28 10:11:25 Notice: suricata: Signal Received.  Stopping engine.
[1 - Suricata-Main] 2026-02-28 10:11:25 Info: suricata: time elapsed 135.047s
[1 - Suricata-Main] 2026-02-28 10:11:26 Info: counters: Alerts: 0
[1 - Suricata-Main] 2026-02-28 10:11:26 Notice: device: eth0: packets: 81, drops: 0 (0.00%), invalid chksum: 0
[1 - Suricata-Main] 2026-02-28 10:11:28 Notice: suricata: This is Suricata version 8.0.3 RELEASE running in SYSTEM mode
[1 - Suricata-Main] 2026-02-28 10:11:28 Info: cpu: CPUs/cores online: 8
[1 - Suricata-Main] 2026-02-28 10:11:28 Info: suricata: Setting engine mode to IDS mode by default
[1 - Suricata-Main] 2026-02-28 10:11:28 Info: exception-policy: master exception-policy set to: auto
[1 - Suricata-Main] 2026-02-28 10:11:28 Info: privs: dropped the caps for main thread
[1 - Suricata-Main] 2026-02-28 10:11:28 Info: conf: Running in live mode, activating unix socket
[1 - Suricata-Main] 2026-02-28 10:11:28 Info: logopenfile: fast output device (regular) initialized: fast.log
[1 - Suricata-Main] 2026-02-28 10:11:28 Info: logopenfile: eve-log output device (regular) initialized: eve.json
[1 - Suricata-Main] 2026-02-28 10:11:28 Info: logopenfile: stats output device (regular) initialized: stats.log
[1 - Suricata-Main] 2026-02-28 10:11:28 Warning: detect: No rule files match the pattern /var/lib/suricata/rules/suricata.rules
[1 - Suricata-Main] 2026-02-28 10:11:28 Warning: detect: 1 rule files specified, but no rules were loaded!
[1 - Suricata-Main] 2026-02-28 10:11:28 Info: threshold-config: Threshold config parsed: 0 rule(s) found
[1 - Suricata-Main] 2026-02-28 10:11:28 Info: detect: 0 signatures processed. 0 are IP-only rules, 0 are inspecting packet payload, 0 inspect application layer, 0 are decoder event only
[1 - Suricata-Main] 2026-02-28 10:11:28 Notice: mpm-hs: Rule group caching - loaded: 0 newly cached: 0 total cacheable: 0
[1 - Suricata-Main] 2026-02-28 10:11:28 Info: unix-manager: unix socket '/var/run/suricata/suricata-command.socket'
[1 - Suricata-Main] 2026-02-28 10:11:28 Info: runmodes: eth0: creating 8 threads
[21 - W#01-eth0] 2026-02-28 10:11:29 Info: ioctl: eth0: MTU 1500
[1 - Suricata-Main] 2026-02-28 10:11:29 Notice: threads: Threads created -> W: 8 FM: 1 FR: 1   Engine started.
[1 - Suricata-Main] 2026-02-28 10:13:28 Notice: detect: rule reload starting
[1 - Suricata-Main] 2026-02-28 10:13:28 Info: detect: tenant id 0:  1 rule files processed. 8 rules successfully loaded, 0 rules failed, 0 rules skipped
[1 - Suricata-Main] 2026-02-28 10:13:28 Info: threshold-config: tenant id 0: Threshold config parsed: 0 rule(s) found
[1 - Suricata-Main] 2026-02-28 10:13:28 Info: detect: tenant id 0: 8 signatures processed. 0 are IP-only rules, 0 are inspecting packet payload, 1 inspect application layer, 0 are decoder event only
[1 - Suricata-Main] 2026-02-28 10:13:28 Notice: mpm-hs: Rule group caching - loaded: 0 newly cached: 0 total cacheable: 0
[1 - Suricata-Main] 2026-02-28 10:13:28 Notice: detect: rule reload complete
[63 - Suricata-Main] 2026-02-28 10:13:39 Notice: suricata: This is Suricata version 8.0.3 RELEASE running in SYSTEM mode
[63 - Suricata-Main] 2026-02-28 10:13:39 Info: cpu: CPUs/cores online: 8
[63 - Suricata-Main] 2026-02-28 10:13:39 Info: suricata: Running suricata under test mode
[63 - Suricata-Main] 2026-02-28 10:13:39 Info: suricata: Setting engine mode to IDS mode by default
[63 - Suricata-Main] 2026-02-28 10:13:39 Info: exception-policy: master exception-policy set to: auto
[63 - Suricata-Main] 2026-02-28 10:13:39 Info: logopenfile: fast output device (regular) initialized: fast.log
[63 - Suricata-Main] 2026-02-28 10:13:39 Info: logopenfile: eve-log output device (regular) initialized: eve.json
[63 - Suricata-Main] 2026-02-28 10:13:39 Info: logopenfile: stats output device (regular) initialized: stats.log
[63 - Suricata-Main] 2026-02-28 10:13:39 Info: detect: 1 rule files processed. 8 rules successfully loaded, 0 rules failed, 0 rules skipped
[63 - Suricata-Main] 2026-02-28 10:13:39 Info: threshold-config: Threshold config parsed: 0 rule(s) found
[63 - Suricata-Main] 2026-02-28 10:13:39 Info: detect: 8 signatures processed. 0 are IP-only rules, 0 are inspecting packet payload, 1 inspect application layer, 0 are decoder event only
[63 - Suricata-Main] 2026-02-28 10:13:39 Notice: mpm-hs: Rule group caching - loaded: 0 newly cached: 0 total cacheable: 0
[63 - Suricata-Main] 2026-02-28 10:13:39 Notice: suricata: Configuration provided was successfully loaded. Exiting.
[69 - Suricata-Main] 2026-02-28 10:13:43 Notice: suricata: This is Suricata version 8.0.3 RELEASE running in SYSTEM mode
[69 - Suricata-Main] 2026-02-28 10:13:43 Info: cpu: CPUs/cores online: 8
[69 - Suricata-Main] 2026-02-28 10:13:43 Info: suricata: Running suricata under test mode
[69 - Suricata-Main] 2026-02-28 10:13:43 Info: suricata: Setting engine mode to IDS mode by default
[69 - Suricata-Main] 2026-02-28 10:13:43 Info: exception-policy: master exception-policy set to: auto
[69 - Suricata-Main] 2026-02-28 10:13:44 Info: logopenfile: fast output device (regular) initialized: fast.log
[69 - Suricata-Main] 2026-02-28 10:13:44 Info: logopenfile: eve-log output device (regular) initialized: eve.json
[69 - Suricata-Main] 2026-02-28 10:13:44 Info: logopenfile: stats output device (regular) initialized: stats.log
[69 - Suricata-Main] 2026-02-28 10:13:44 Info: detect: 1 rule files processed. 8 rules successfully loaded, 0 rules failed, 0 rules skipped
[69 - Suricata-Main] 2026-02-28 10:13:44 Info: threshold-config: Threshold config parsed: 0 rule(s) found
[69 - Suricata-Main] 2026-02-28 10:13:44 Info: detect: 8 signatures processed. 0 are IP-only rules, 0 are inspecting packet payload, 1 inspect application layer, 0 are decoder event only
[69 - Suricata-Main] 2026-02-28 10:13:44 Notice: mpm-hs: Rule group caching - loaded: 0 newly cached: 0 total cacheable: 0
[69 - Suricata-Main] 2026-02-28 10:13:44 Notice: suricata: Configuration provided was successfully loaded. Exiting.
[75 - Suricata-Main] 2026-02-28 10:13:46 Notice: suricata: This is Suricata version 8.0.3 RELEASE running in SYSTEM mode
[75 - Suricata-Main] 2026-02-28 10:13:46 Info: cpu: CPUs/cores online: 8
[75 - Suricata-Main] 2026-02-28 10:13:46 Info: suricata: Running suricata under test mode
[75 - Suricata-Main] 2026-02-28 10:13:46 Info: suricata: Setting engine mode to IDS mode by default
[75 - Suricata-Main] 2026-02-28 10:13:46 Info: exception-policy: master exception-policy set to: auto
[75 - Suricata-Main] 2026-02-28 10:13:46 Info: logopenfile: fast output device (regular) initialized: fast.log
[75 - Suricata-Main] 2026-02-28 10:13:46 Info: logopenfile: eve-log output device (regular) initialized: eve.json
[75 - Suricata-Main] 2026-02-28 10:13:46 Info: logopenfile: stats output device (regular) initialized: stats.log
[75 - Suricata-Main] 2026-02-28 10:13:46 Info: detect: 1 rule files processed. 8 rules successfully loaded, 0 rules failed, 0 rules skipped
[75 - Suricata-Main] 2026-02-28 10:13:46 Info: threshold-config: Threshold config parsed: 0 rule(s) found
[75 - Suricata-Main] 2026-02-28 10:13:46 Info: detect: 8 signatures processed. 0 are IP-only rules, 0 are inspecting packet payload, 1 inspect application layer, 0 are decoder event only
[75 - Suricata-Main] 2026-02-28 10:13:46 Notice: mpm-hs: Rule group caching - loaded: 0 newly cached: 0 total cacheable: 0
[75 - Suricata-Main] 2026-02-28 10:13:46 Notice: suricata: Configuration provided was successfully loaded. Exiting.
[1 - Suricata-Main] 2026-02-28 10:13:51 Notice: suricata: Signal Received.  Stopping engine.
[1 - Suricata-Main] 2026-02-28 10:13:52 Info: suricata: time elapsed 143.067s
[1 - Suricata-Main] 2026-02-28 10:13:53 Info: counters: Alerts: 0
[1 - Suricata-Main] 2026-02-28 10:13:53 Notice: device: eth0: packets: 83, drops: 0 (0.00%), invalid chksum: 0
[1 - Suricata-Main] 2026-02-28 10:13:53 Notice: suricata: This is Suricata version 8.0.3 RELEASE running in SYSTEM mode
[1 - Suricata-Main] 2026-02-28 10:13:53 Info: cpu: CPUs/cores online: 8
[1 - Suricata-Main] 2026-02-28 10:13:53 Info: suricata: Setting engine mode to IDS mode by default
[1 - Suricata-Main] 2026-02-28 10:13:53 Info: exception-policy: master exception-policy set to: auto
[1 - Suricata-Main] 2026-02-28 10:13:54 Info: privs: dropped the caps for main thread
[1 - Suricata-Main] 2026-02-28 10:13:54 Info: conf: Running in live mode, activating unix socket
[1 - Suricata-Main] 2026-02-28 10:13:54 Info: logopenfile: fast output device (regular) initialized: fast.log
[1 - Suricata-Main] 2026-02-28 10:13:54 Info: logopenfile: eve-log output device (regular) initialized: eve.json
[1 - Suricata-Main] 2026-02-28 10:13:54 Info: logopenfile: stats output device (regular) initialized: stats.log
[1 - Suricata-Main] 2026-02-28 10:13:54 Info: detect: 1 rule files processed. 8 rules successfully loaded, 0 rules failed, 0 rules skipped
[1 - Suricata-Main] 2026-02-28 10:13:54 Info: threshold-config: Threshold config parsed: 0 rule(s) found
[1 - Suricata-Main] 2026-02-28 10:13:54 Info: detect: 8 signatures processed. 0 are IP-only rules, 0 are inspecting packet payload, 1 inspect application layer, 0 are decoder event only
[1 - Suricata-Main] 2026-02-28 10:13:54 Notice: mpm-hs: Rule group caching - loaded: 0 newly cached: 0 total cacheable: 0
[1 - Suricata-Main] 2026-02-28 10:13:54 Info: unix-manager: unix socket '/var/run/suricata/suricata-command.socket'
[1 - Suricata-Main] 2026-02-28 10:13:54 Info: runmodes: eth0: creating 8 threads
[21 - W#01-eth0] 2026-02-28 10:13:54 Info: ioctl: eth0: MTU 1500
[1 - Suricata-Main] 2026-02-28 10:13:54 Notice: threads: Threads created -> W: 8 FM: 1 FR: 1   Engine started.
[1 - Suricata-Main] 2026-02-28 10:14:27 Notice: suricata: Signal Received.  Stopping engine.
[1 - Suricata-Main] 2026-02-28 10:14:28 Info: suricata: time elapsed 34.036s
[1 - Suricata-Main] 2026-02-28 10:14:29 Info: counters: Alerts: 0
[1 - Suricata-Main] 2026-02-28 10:14:29 Notice: device: eth0: packets: 27, drops: 0 (0.00%), invalid chksum: 0
[1 - Suricata-Main] 2026-02-28 10:14:31 Notice: suricata: This is Suricata version 8.0.3 RELEASE running in SYSTEM mode
[1 - Suricata-Main] 2026-02-28 10:14:31 Info: cpu: CPUs/cores online: 8
[1 - Suricata-Main] 2026-02-28 10:14:31 Info: suricata: Setting engine mode to IDS mode by default
[1 - Suricata-Main] 2026-02-28 10:14:31 Info: exception-policy: master exception-policy set to: auto
[1 - Suricata-Main] 2026-02-28 10:14:31 Info: privs: dropped the caps for main thread
[1 - Suricata-Main] 2026-02-28 10:14:31 Info: conf: Running in live mode, activating unix socket
[1 - Suricata-Main] 2026-02-28 10:14:31 Info: logopenfile: fast output device (regular) initialized: fast.log
[1 - Suricata-Main] 2026-02-28 10:14:31 Info: logopenfile: eve-log output device (regular) initialized: eve.json
[1 - Suricata-Main] 2026-02-28 10:14:31 Info: logopenfile: stats output device (regular) initialized: stats.log
[1 - Suricata-Main] 2026-02-28 10:14:31 Info: detect: 1 rule files processed. 8 rules successfully loaded, 0 rules failed, 0 rules skipped
[1 - Suricata-Main] 2026-02-28 10:14:31 Info: threshold-config: Threshold config parsed: 0 rule(s) found
[1 - Suricata-Main] 2026-02-28 10:14:31 Info: detect: 8 signatures processed. 0 are IP-only rules, 0 are inspecting packet payload, 1 inspect application layer, 0 are decoder event only
[1 - Suricata-Main] 2026-02-28 10:14:31 Notice: mpm-hs: Rule group caching - loaded: 0 newly cached: 0 total cacheable: 0
[1 - Suricata-Main] 2026-02-28 10:14:31 Info: unix-manager: unix socket '/var/run/suricata/suricata-command.socket'
[1 - Suricata-Main] 2026-02-28 10:14:31 Info: runmodes: eth0: creating 8 threads
[21 - W#01-eth0] 2026-02-28 10:14:31 Info: ioctl: eth0: MTU 1500
[1 - Suricata-Main] 2026-02-28 10:14:32 Notice: threads: Threads created -> W: 8 FM: 1 FR: 1   Engine started.
[45 - Suricata-Main] 2026-02-28 10:14:49 Notice: suricata: This is Suricata version 8.0.3 RELEASE running in SYSTEM mode
[45 - Suricata-Main] 2026-02-28 10:14:49 Info: cpu: CPUs/cores online: 8
[45 - Suricata-Main] 2026-02-28 10:14:49 Info: suricata: Running suricata under test mode
[45 - Suricata-Main] 2026-02-28 10:14:49 Info: suricata: Setting engine mode to IDS mode by default
[45 - Suricata-Main] 2026-02-28 10:14:49 Info: exception-policy: master exception-policy set to: auto
[45 - Suricata-Main] 2026-02-28 10:14:50 Info: logopenfile: fast output device (regular) initialized: fast.log
[45 - Suricata-Main] 2026-02-28 10:14:50 Info: logopenfile: eve-log output device (regular) initialized: eve.json
[45 - Suricata-Main] 2026-02-28 10:14:50 Info: logopenfile: stats output device (regular) initialized: stats.log
[45 - Suricata-Main] 2026-02-28 10:14:50 Info: detect: 1 rule files processed. 8 rules successfully loaded, 0 rules failed, 0 rules skipped
[45 - Suricata-Main] 2026-02-28 10:14:50 Info: threshold-config: Threshold config parsed: 0 rule(s) found
[45 - Suricata-Main] 2026-02-28 10:14:50 Info: detect: 8 signatures processed. 0 are IP-only rules, 0 are inspecting packet payload, 1 inspect application layer, 0 are decoder event only
[45 - Suricata-Main] 2026-02-28 10:14:50 Notice: mpm-hs: Rule group caching - loaded: 0 newly cached: 0 total cacheable: 0
[45 - Suricata-Main] 2026-02-28 10:14:50 Notice: suricata: Configuration provided was successfully loaded. Exiting.
[52 - Suricata-Main] 2026-02-28 10:14:53 Notice: suricata: This is Suricata version 8.0.3 RELEASE running in SYSTEM mode
[52 - Suricata-Main] 2026-02-28 10:14:53 Info: cpu: CPUs/cores online: 8
[52 - Suricata-Main] 2026-02-28 10:14:53 Info: suricata: Running suricata under test mode
[52 - Suricata-Main] 2026-02-28 10:14:53 Info: suricata: Setting engine mode to IDS mode by default
[52 - Suricata-Main] 2026-02-28 10:14:53 Info: exception-policy: master exception-policy set to: auto
[52 - Suricata-Main] 2026-02-28 10:14:53 Info: logopenfile: fast output device (regular) initialized: fast.log
[52 - Suricata-Main] 2026-02-28 10:14:53 Info: logopenfile: eve-log output device (regular) initialized: eve.json
[52 - Suricata-Main] 2026-02-28 10:14:53 Info: logopenfile: stats output device (regular) initialized: stats.log
[52 - Suricata-Main] 2026-02-28 10:14:53 Info: detect: 1 rule files processed. 8 rules successfully loaded, 0 rules failed, 0 rules skipped
[52 - Suricata-Main] 2026-02-28 10:14:53 Info: threshold-config: Threshold config parsed: 0 rule(s) found
[52 - Suricata-Main] 2026-02-28 10:14:53 Info: detect: 8 signatures processed. 0 are IP-only rules, 0 are inspecting packet payload, 1 inspect application layer, 0 are decoder event only
[52 - Suricata-Main] 2026-02-28 10:14:53 Notice: mpm-hs: Rule group caching - loaded: 0 newly cached: 0 total cacheable: 0
[52 - Suricata-Main] 2026-02-28 10:14:53 Notice: suricata: Configuration provided was successfully loaded. Exiting.
[1 - Suricata-Main] 2026-02-28 10:18:03 Notice: suricata: Signal Received.  Stopping engine.
[1 - Suricata-Main] 2026-02-28 10:18:03 Info: suricata: time elapsed 211.914s
[1 - Suricata-Main] 2026-02-28 10:18:03 Info: counters: Alerts: 0
[1 - Suricata-Main] 2026-02-28 10:18:03 Notice: device: eth0: packets: 88, drops: 0 (0.00%), invalid chksum: 0
[1 - Suricata-Main] 2026-02-28 10:18:19 Notice: suricata: This is Suricata version 8.0.3 RELEASE running in SYSTEM mode
[1 - Suricata-Main] 2026-02-28 10:18:19 Info: cpu: CPUs/cores online: 8
[1 - Suricata-Main] 2026-02-28 10:18:19 Info: suricata: Setting engine mode to IDS mode by default
[1 - Suricata-Main] 2026-02-28 10:18:19 Info: exception-policy: master exception-policy set to: auto
[1 - Suricata-Main] 2026-02-28 10:18:19 Info: privs: dropped the caps for main thread
[1 - Suricata-Main] 2026-02-28 10:18:19 Info: conf: Running in live mode, activating unix socket
[1 - Suricata-Main] 2026-02-28 10:18:19 Info: logopenfile: fast output device (regular) initialized: fast.log
[1 - Suricata-Main] 2026-02-28 10:18:19 Info: logopenfile: eve-log output device (regular) initialized: eve.json
[1 - Suricata-Main] 2026-02-28 10:18:19 Info: logopenfile: stats output device (regular) initialized: stats.log
[1 - Suricata-Main] 2026-02-28 10:18:19 Info: detect: 1 rule files processed. 8 rules successfully loaded, 0 rules failed, 0 rules skipped
[1 - Suricata-Main] 2026-02-28 10:18:19 Info: threshold-config: Threshold config parsed: 0 rule(s) found
[1 - Suricata-Main] 2026-02-28 10:18:19 Info: detect: 8 signatures processed. 0 are IP-only rules, 0 are inspecting packet payload, 1 inspect application layer, 0 are decoder event only
[1 - Suricata-Main] 2026-02-28 10:18:19 Notice: mpm-hs: Rule group caching - loaded: 0 newly cached: 0 total cacheable: 0
[1 - Suricata-Main] 2026-02-28 10:18:19 Info: unix-manager: unix socket '/var/run/suricata/suricata-command.socket'
[1 - Suricata-Main] 2026-02-28 10:18:19 Info: runmodes: eth0: creating 8 threads
[22 - W#01-eth0] 2026-02-28 10:18:19 Info: ioctl: eth0: MTU 1500
[1 - Suricata-Main] 2026-02-28 10:18:20 Notice: threads: Threads created -> W: 8 FM: 1 FR: 1   Engine started.
[1 - Suricata-Main] 2026-02-28 10:20:38 Notice: suricata: Signal Received.  Stopping engine.
[1 - Suricata-Main] 2026-02-28 10:20:38 Info: suricata: time elapsed 139.002s
[1 - Suricata-Main] 2026-02-28 10:20:39 Info: counters: Alerts: 21
[1 - Suricata-Main] 2026-02-28 10:20:39 Notice: device: eth0: packets: 296, drops: 0 (0.00%), invalid chksum: 0
[1 - Suricata-Main] 2026-02-28 10:20:52 Notice: suricata: This is Suricata version 8.0.3 RELEASE running in SYSTEM mode
[1 - Suricata-Main] 2026-02-28 10:20:52 Info: cpu: CPUs/cores online: 8
[1 - Suricata-Main] 2026-02-28 10:20:52 Info: suricata: Setting engine mode to IDS mode by default
[1 - Suricata-Main] 2026-02-28 10:20:52 Info: exception-policy: master exception-policy set to: auto
[1 - Suricata-Main] 2026-02-28 10:20:53 Info: privs: dropped the caps for main thread
[1 - Suricata-Main] 2026-02-28 10:20:53 Info: conf: Running in live mode, activating unix socket
[1 - Suricata-Main] 2026-02-28 10:20:53 Info: logopenfile: fast output device (regular) initialized: fast.log
[1 - Suricata-Main] 2026-02-28 10:20:53 Info: logopenfile: eve-log output device (regular) initialized: eve.json
[1 - Suricata-Main] 2026-02-28 10:20:53 Info: logopenfile: stats output device (regular) initialized: stats.log
[1 - Suricata-Main] 2026-02-28 10:20:53 Info: detect: 1 rule files processed. 8 rules successfully loaded, 0 rules failed, 0 rules skipped
[1 - Suricata-Main] 2026-02-28 10:20:53 Info: threshold-config: Threshold config parsed: 0 rule(s) found
[1 - Suricata-Main] 2026-02-28 10:20:53 Info: detect: 8 signatures processed. 0 are IP-only rules, 0 are inspecting packet payload, 1 inspect application layer, 0 are decoder event only
[1 - Suricata-Main] 2026-02-28 10:20:53 Notice: mpm-hs: Rule group caching - loaded: 0 newly cached: 0 total cacheable: 0
[1 - Suricata-Main] 2026-02-28 10:20:53 Info: unix-manager: unix socket '/var/run/suricata/suricata-command.socket'
[1 - Suricata-Main] 2026-02-28 10:20:53 Info: runmodes: eth0: creating 8 threads
[21 - W#01-eth0] 2026-02-28 10:20:53 Info: ioctl: eth0: MTU 1500
[1 - Suricata-Main] 2026-02-28 10:20:53 Notice: threads: Threads created -> W: 8 FM: 1 FR: 1   Engine started.
[1 - Suricata-Main] 2026-02-28 10:21:43 Notice: suricata: Signal Received.  Stopping engine.
[1 - Suricata-Main] 2026-02-28 10:21:44 Info: suricata: time elapsed 51.051s
[1 - Suricata-Main] 2026-02-28 10:21:45 Info: counters: Alerts: 108
[1 - Suricata-Main] 2026-02-28 10:21:45 Notice: device: eth0: packets: 775, drops: 0 (0.00%), invalid chksum: 0
[1 - Suricata-Main] 2026-02-28 10:21:57 Notice: suricata: This is Suricata version 8.0.3 RELEASE running in SYSTEM mode
[1 - Suricata-Main] 2026-02-28 10:21:57 Info: cpu: CPUs/cores online: 8
[1 - Suricata-Main] 2026-02-28 10:21:57 Info: suricata: Setting engine mode to IDS mode by default
[1 - Suricata-Main] 2026-02-28 10:21:57 Info: exception-policy: master exception-policy set to: auto
[1 - Suricata-Main] 2026-02-28 10:21:57 Info: privs: dropped the caps for main thread
[1 - Suricata-Main] 2026-02-28 10:21:57 Info: conf: Running in live mode, activating unix socket
[1 - Suricata-Main] 2026-02-28 10:21:57 Info: logopenfile: fast output device (regular) initialized: fast.log
[1 - Suricata-Main] 2026-02-28 10:21:57 Info: logopenfile: eve-log output device (regular) initialized: eve.json
[1 - Suricata-Main] 2026-02-28 10:21:57 Info: logopenfile: stats output device (regular) initialized: stats.log
[1 - Suricata-Main] 2026-02-28 10:21:57 Info: detect: 1 rule files processed. 8 rules successfully loaded, 0 rules failed, 0 rules skipped
[1 - Suricata-Main] 2026-02-28 10:21:57 Info: threshold-config: Threshold config parsed: 0 rule(s) found
[1 - Suricata-Main] 2026-02-28 10:21:57 Info: detect: 8 signatures processed. 0 are IP-only rules, 0 are inspecting packet payload, 1 inspect application layer, 0 are decoder event only
[1 - Suricata-Main] 2026-02-28 10:21:57 Notice: mpm-hs: Rule group caching - loaded: 0 newly cached: 0 total cacheable: 0
[1 - Suricata-Main] 2026-02-28 10:21:57 Info: unix-manager: unix socket '/var/run/suricata/suricata-command.socket'
[1 - Suricata-Main] 2026-02-28 10:21:58 Info: runmodes: eth0: creating 8 threads
[21 - W#01-eth0] 2026-02-28 10:21:58 Info: ioctl: eth0: MTU 1500
[1 - Suricata-Main] 2026-02-28 10:21:58 Notice: threads: Threads created -> W: 8 FM: 1 FR: 1   Engine started.
[1 - Suricata-Main] 2026-02-28 10:43:14 Notice: suricata: Signal Received.  Stopping engine.
[1 - Suricata-Main] 2026-02-28 10:43:15 Info: suricata: time elapsed 1277.189s
[1 - Suricata-Main] 2026-02-28 10:43:15 Info: counters: Alerts: 109
[1 - Suricata-Main] 2026-02-28 10:43:15 Notice: device: eth0: packets: 815, drops: 0 (0.00%), invalid chksum: 0
[1 - Suricata-Main] 2026-02-28 10:43:28 Notice: suricata: This is Suricata version 8.0.3 RELEASE running in SYSTEM mode
[1 - Suricata-Main] 2026-02-28 10:43:28 Info: cpu: CPUs/cores online: 8
[1 - Suricata-Main] 2026-02-28 10:43:28 Info: suricata: Setting engine mode to IDS mode by default
[1 - Suricata-Main] 2026-02-28 10:43:28 Info: exception-policy: master exception-policy set to: auto
[1 - Suricata-Main] 2026-02-28 10:43:28 Info: privs: dropped the caps for main thread
[1 - Suricata-Main] 2026-02-28 10:43:28 Info: conf: Running in live mode, activating unix socket
[1 - Suricata-Main] 2026-02-28 10:43:28 Info: logopenfile: fast output device (regular) initialized: fast.log
[1 - Suricata-Main] 2026-02-28 10:43:28 Info: logopenfile: eve-log output device (regular) initialized: eve.json
[1 - Suricata-Main] 2026-02-28 10:43:28 Info: logopenfile: stats output device (regular) initialized: stats.log
[1 - Suricata-Main] 2026-02-28 10:43:28 Info: detect: 1 rule files processed. 8 rules successfully loaded, 0 rules failed, 0 rules skipped
[1 - Suricata-Main] 2026-02-28 10:43:28 Info: threshold-config: Threshold config parsed: 0 rule(s) found
[1 - Suricata-Main] 2026-02-28 10:43:28 Info: detect: 8 signatures processed. 0 are IP-only rules, 0 are inspecting packet payload, 1 inspect application layer, 0 are decoder event only
[1 - Suricata-Main] 2026-02-28 10:43:28 Notice: mpm-hs: Rule group caching - loaded: 0 newly cached: 0 total cacheable: 0
[1 - Suricata-Main] 2026-02-28 10:43:28 Info: unix-manager: unix socket '/var/run/suricata/suricata-command.socket'
[1 - Suricata-Main] 2026-02-28 10:43:28 Info: runmodes: eth0: creating 8 threads
[21 - W#01-eth0] 2026-02-28 10:43:28 Info: ioctl: eth0: MTU 1500
[1 - Suricata-Main] 2026-02-28 10:43:28 Notice: threads: Threads created -> W: 8 FM: 1 FR: 1   Engine started.
[1 - Suricata-Main] 2026-02-28 10:44:19 Notice: suricata: Signal Received.  Stopping engine.
[1 - Suricata-Main] 2026-02-28 10:44:20 Info: suricata: time elapsed 52.086s
[1 - Suricata-Main] 2026-02-28 10:44:21 Info: counters: Alerts: 108
[1 - Suricata-Main] 2026-02-28 10:44:21 Notice: device: eth0: packets: 781, drops: 0 (0.00%), invalid chksum: 0
[1 - Suricata-Main] 2026-02-28 10:44:33 Notice: suricata: This is Suricata version 8.0.3 RELEASE running in SYSTEM mode
[1 - Suricata-Main] 2026-02-28 10:44:33 Info: cpu: CPUs/cores online: 8
[1 - Suricata-Main] 2026-02-28 10:44:33 Info: suricata: Setting engine mode to IDS mode by default
[1 - Suricata-Main] 2026-02-28 10:44:33 Info: exception-policy: master exception-policy set to: auto
[1 - Suricata-Main] 2026-02-28 10:44:33 Info: privs: dropped the caps for main thread
[1 - Suricata-Main] 2026-02-28 10:44:33 Info: conf: Running in live mode, activating unix socket
[1 - Suricata-Main] 2026-02-28 10:44:33 Info: logopenfile: fast output device (regular) initialized: fast.log
[1 - Suricata-Main] 2026-02-28 10:44:33 Info: logopenfile: eve-log output device (regular) initialized: eve.json
[1 - Suricata-Main] 2026-02-28 10:44:33 Info: logopenfile: stats output device (regular) initialized: stats.log
[1 - Suricata-Main] 2026-02-28 10:44:33 Info: detect: 1 rule files processed. 8 rules successfully loaded, 0 rules failed, 0 rules skipped
[1 - Suricata-Main] 2026-02-28 10:44:33 Info: threshold-config: Threshold config parsed: 0 rule(s) found
[1 - Suricata-Main] 2026-02-28 10:44:33 Info: detect: 8 signatures processed. 0 are IP-only rules, 0 are inspecting packet payload, 1 inspect application layer, 0 are decoder event only
[1 - Suricata-Main] 2026-02-28 10:44:33 Notice: mpm-hs: Rule group caching - loaded: 0 newly cached: 0 total cacheable: 0
[1 - Suricata-Main] 2026-02-28 10:44:33 Info: unix-manager: unix socket '/var/run/suricata/suricata-command.socket'
[1 - Suricata-Main] 2026-02-28 10:44:33 Info: runmodes: eth0: creating 8 threads
[21 - W#01-eth0] 2026-02-28 10:44:34 Info: ioctl: eth0: MTU 1500
[1 - Suricata-Main] 2026-02-28 10:44:34 Notice: threads: Threads created -> W: 8 FM: 1 FR: 1   Engine started.
[1 - Suricata-Main] 2026-02-28 10:45:41 Notice: suricata: Signal Received.  Stopping engine.
[1 - Suricata-Main] 2026-02-28 10:45:42 Info: suricata: time elapsed 68.070s
[1 - Suricata-Main] 2026-02-28 10:45:43 Info: counters: Alerts: 108
[1 - Suricata-Main] 2026-02-28 10:45:43 Notice: device: eth0: packets: 788, drops: 0 (0.00%), invalid chksum: 0
[1 - Suricata-Main] 2026-02-28 10:45:55 Notice: suricata: This is Suricata version 8.0.3 RELEASE running in SYSTEM mode
[1 - Suricata-Main] 2026-02-28 10:45:55 Info: cpu: CPUs/cores online: 8
[1 - Suricata-Main] 2026-02-28 10:45:55 Info: suricata: Setting engine mode to IDS mode by default
[1 - Suricata-Main] 2026-02-28 10:45:55 Info: exception-policy: master exception-policy set to: auto
[1 - Suricata-Main] 2026-02-28 10:45:55 Info: privs: dropped the caps for main thread
[1 - Suricata-Main] 2026-02-28 10:45:55 Info: conf: Running in live mode, activating unix socket
[1 - Suricata-Main] 2026-02-28 10:45:55 Info: logopenfile: fast output device (regular) initialized: fast.log
[1 - Suricata-Main] 2026-02-28 10:45:55 Info: logopenfile: eve-log output device (regular) initialized: eve.json
[1 - Suricata-Main] 2026-02-28 10:45:55 Info: logopenfile: stats output device (regular) initialized: stats.log
[1 - Suricata-Main] 2026-02-28 10:45:55 Info: detect: 1 rule files processed. 8 rules successfully loaded, 0 rules failed, 0 rules skipped
[1 - Suricata-Main] 2026-02-28 10:45:55 Info: threshold-config: Threshold config parsed: 0 rule(s) found
[1 - Suricata-Main] 2026-02-28 10:45:55 Info: detect: 8 signatures processed. 0 are IP-only rules, 0 are inspecting packet payload, 1 inspect application layer, 0 are decoder event only
[1 - Suricata-Main] 2026-02-28 10:45:55 Notice: mpm-hs: Rule group caching - loaded: 0 newly cached: 0 total cacheable: 0
[1 - Suricata-Main] 2026-02-28 10:45:55 Info: unix-manager: unix socket '/var/run/suricata/suricata-command.socket'
[1 - Suricata-Main] 2026-02-28 10:45:55 Info: runmodes: eth0: creating 8 threads
[21 - W#01-eth0] 2026-02-28 10:45:55 Info: ioctl: eth0: MTU 1500
[1 - Suricata-Main] 2026-02-28 10:45:56 Notice: threads: Threads created -> W: 8 FM: 1 FR: 1   Engine started.
[1 - Suricata-Main] 2026-02-28 10:46:41 Notice: suricata: Signal Received.  Stopping engine.
[1 - Suricata-Main] 2026-02-28 10:46:41 Info: suricata: time elapsed 46.067s
[1 - Suricata-Main] 2026-02-28 10:46:42 Info: counters: Alerts: 108
[1 - Suricata-Main] 2026-02-28 10:46:42 Notice: device: eth0: packets: 781, drops: 0 (0.00%), invalid chksum: 0
[1 - Suricata-Main] 2026-02-28 10:48:00 Notice: suricata: This is Suricata version 8.0.3 RELEASE running in SYSTEM mode
[1 - Suricata-Main] 2026-02-28 10:48:00 Info: cpu: CPUs/cores online: 8
[1 - Suricata-Main] 2026-02-28 10:48:00 Info: suricata: Setting engine mode to IDS mode by default
[1 - Suricata-Main] 2026-02-28 10:48:00 Info: exception-policy: master exception-policy set to: auto
[1 - Suricata-Main] 2026-02-28 10:48:00 Info: privs: dropped the caps for main thread
[1 - Suricata-Main] 2026-02-28 10:48:00 Info: conf: Running in live mode, activating unix socket
[1 - Suricata-Main] 2026-02-28 10:48:00 Info: logopenfile: fast output device (regular) initialized: fast.log
[1 - Suricata-Main] 2026-02-28 10:48:00 Info: logopenfile: eve-log output device (regular) initialized: eve.json
[1 - Suricata-Main] 2026-02-28 10:48:00 Info: logopenfile: stats output device (regular) initialized: stats.log
[1 - Suricata-Main] 2026-02-28 10:48:00 Info: detect: 1 rule files processed. 8 rules successfully loaded, 0 rules failed, 0 rules skipped
[1 - Suricata-Main] 2026-02-28 10:48:00 Info: threshold-config: Threshold config parsed: 0 rule(s) found
[1 - Suricata-Main] 2026-02-28 10:48:00 Info: detect: 8 signatures processed. 0 are IP-only rules, 0 are inspecting packet payload, 1 inspect application layer, 0 are decoder event only
[1 - Suricata-Main] 2026-02-28 10:48:00 Notice: mpm-hs: Rule group caching - loaded: 0 newly cached: 0 total cacheable: 0
[1 - Suricata-Main] 2026-02-28 10:48:00 Info: unix-manager: unix socket '/var/run/suricata/suricata-command.socket'
[1 - Suricata-Main] 2026-02-28 10:48:00 Info: runmodes: eth0: creating 8 threads
[21 - W#01-eth0] 2026-02-28 10:48:00 Info: ioctl: eth0: MTU 1500
[1 - Suricata-Main] 2026-02-28 10:48:00 Notice: threads: Threads created -> W: 8 FM: 1 FR: 1   Engine started.
[1 - Suricata-Main] 2026-02-28 10:48:45 Notice: suricata: Signal Received.  Stopping engine.
[1 - Suricata-Main] 2026-02-28 10:48:46 Info: suricata: time elapsed 46.099s
[1 - Suricata-Main] 2026-02-28 10:48:47 Info: counters: Alerts: 108
[1 - Suricata-Main] 2026-02-28 10:48:47 Notice: device: eth0: packets: 786, drops: 0 (0.00%), invalid chksum: 0
[1 - Suricata-Main] 2026-02-28 10:50:03 Notice: suricata: This is Suricata version 8.0.3 RELEASE running in SYSTEM mode
[1 - Suricata-Main] 2026-02-28 10:50:03 Info: cpu: CPUs/cores online: 8
[1 - Suricata-Main] 2026-02-28 10:50:03 Info: suricata: Setting engine mode to IDS mode by default
[1 - Suricata-Main] 2026-02-28 10:50:03 Info: exception-policy: master exception-policy set to: auto
[1 - Suricata-Main] 2026-02-28 10:50:03 Info: privs: dropped the caps for main thread
[1 - Suricata-Main] 2026-02-28 10:50:03 Info: conf: Running in live mode, activating unix socket
[1 - Suricata-Main] 2026-02-28 10:50:03 Info: logopenfile: fast output device (regular) initialized: fast.log
[1 - Suricata-Main] 2026-02-28 10:50:03 Info: logopenfile: eve-log output device (regular) initialized: eve.json
[1 - Suricata-Main] 2026-02-28 10:50:03 Info: logopenfile: stats output device (regular) initialized: stats.log
[1 - Suricata-Main] 2026-02-28 10:50:03 Info: detect: 1 rule files processed. 8 rules successfully loaded, 0 rules failed, 0 rules skipped
[1 - Suricata-Main] 2026-02-28 10:50:03 Info: threshold-config: Threshold config parsed: 0 rule(s) found
[1 - Suricata-Main] 2026-02-28 10:50:03 Info: detect: 8 signatures processed. 0 are IP-only rules, 0 are inspecting packet payload, 1 inspect application layer, 0 are decoder event only
[1 - Suricata-Main] 2026-02-28 10:50:03 Notice: mpm-hs: Rule group caching - loaded: 0 newly cached: 0 total cacheable: 0
[1 - Suricata-Main] 2026-02-28 10:50:03 Info: unix-manager: unix socket '/var/run/suricata/suricata-command.socket'
[1 - Suricata-Main] 2026-02-28 10:50:03 Info: runmodes: eth0: creating 8 threads
[21 - W#01-eth0] 2026-02-28 10:50:03 Info: ioctl: eth0: MTU 1500
[1 - Suricata-Main] 2026-02-28 10:50:04 Notice: threads: Threads created -> W: 8 FM: 1 FR: 1   Engine started.
[1 - Suricata-Main] 2026-02-28 10:50:49 Notice: suricata: Signal Received.  Stopping engine.
[1 - Suricata-Main] 2026-02-28 10:50:49 Info: suricata: time elapsed 46.113s
[1 - Suricata-Main] 2026-02-28 10:50:50 Info: counters: Alerts: 108
[1 - Suricata-Main] 2026-02-28 10:50:50 Notice: device: eth0: packets: 779, drops: 0 (0.00%), invalid chksum: 0
[1 - Suricata-Main] 2026-02-28 11:02:30 Notice: suricata: This is Suricata version 8.0.3 RELEASE running in SYSTEM mode
[1 - Suricata-Main] 2026-02-28 11:02:30 Info: cpu: CPUs/cores online: 8
[1 - Suricata-Main] 2026-02-28 11:02:30 Info: suricata: Setting engine mode to IDS mode by default
[1 - Suricata-Main] 2026-02-28 11:02:30 Info: exception-policy: master exception-policy set to: auto
[1 - Suricata-Main] 2026-02-28 11:02:30 Info: privs: dropped the caps for main thread
[1 - Suricata-Main] 2026-02-28 11:02:30 Info: conf: Running in live mode, activating unix socket
[1 - Suricata-Main] 2026-02-28 11:02:30 Info: logopenfile: fast output device (regular) initialized: fast.log
[1 - Suricata-Main] 2026-02-28 11:02:30 Info: logopenfile: eve-log output device (regular) initialized: eve.json
[1 - Suricata-Main] 2026-02-28 11:02:30 Info: logopenfile: stats output device (regular) initialized: stats.log
[1 - Suricata-Main] 2026-02-28 11:02:30 Info: detect: 1 rule files processed. 8 rules successfully loaded, 0 rules failed, 0 rules skipped
[1 - Suricata-Main] 2026-02-28 11:02:30 Info: threshold-config: Threshold config parsed: 0 rule(s) found
[1 - Suricata-Main] 2026-02-28 11:02:30 Info: detect: 8 signatures processed. 0 are IP-only rules, 0 are inspecting packet payload, 1 inspect application layer, 0 are decoder event only
[1 - Suricata-Main] 2026-02-28 11:02:30 Notice: mpm-hs: Rule group caching - loaded: 0 newly cached: 0 total cacheable: 0
[1 - Suricata-Main] 2026-02-28 11:02:30 Info: unix-manager: unix socket '/var/run/suricata/suricata-command.socket'
[1 - Suricata-Main] 2026-02-28 11:02:30 Info: runmodes: eth0: creating 8 threads
[22 - W#01-eth0] 2026-02-28 11:02:31 Info: ioctl: eth0: MTU 1500
[1 - Suricata-Main] 2026-02-28 11:02:31 Notice: threads: Threads created -> W: 8 FM: 1 FR: 1   Engine started.
[1 - Suricata-Main] 2026-02-28 11:03:16 Notice: suricata: Signal Received.  Stopping engine.
[1 - Suricata-Main] 2026-02-28 11:03:17 Info: suricata: time elapsed 46.145s
[1 - Suricata-Main] 2026-02-28 11:03:18 Info: counters: Alerts: 109
[1 - Suricata-Main] 2026-02-28 11:03:18 Notice: device: eth0: packets: 783, drops: 0 (0.00%), invalid chksum: 0
[1 - Suricata-Main] 2026-02-28 11:16:21 Notice: suricata: This is Suricata version 8.0.3 RELEASE running in SYSTEM mode
[1 - Suricata-Main] 2026-02-28 11:16:21 Info: cpu: CPUs/cores online: 8
[1 - Suricata-Main] 2026-02-28 11:16:21 Info: suricata: Setting engine mode to IDS mode by default
[1 - Suricata-Main] 2026-02-28 11:16:21 Info: exception-policy: master exception-policy set to: auto
[1 - Suricata-Main] 2026-02-28 11:16:21 Info: privs: dropped the caps for main thread
[1 - Suricata-Main] 2026-02-28 11:16:21 Info: conf: Running in live mode, activating unix socket
[1 - Suricata-Main] 2026-02-28 11:16:21 Info: logopenfile: fast output device (regular) initialized: fast.log
[1 - Suricata-Main] 2026-02-28 11:16:21 Info: logopenfile: eve-log output device (regular) initialized: eve.json
[1 - Suricata-Main] 2026-02-28 11:16:21 Info: logopenfile: stats output device (regular) initialized: stats.log
[1 - Suricata-Main] 2026-02-28 11:16:21 Info: detect: 1 rule files processed. 8 rules successfully loaded, 0 rules failed, 0 rules skipped
[1 - Suricata-Main] 2026-02-28 11:16:21 Info: threshold-config: Threshold config parsed: 0 rule(s) found
[1 - Suricata-Main] 2026-02-28 11:16:21 Info: detect: 8 signatures processed. 0 are IP-only rules, 0 are inspecting packet payload, 1 inspect application layer, 0 are decoder event only
[1 - Suricata-Main] 2026-02-28 11:16:21 Notice: mpm-hs: Rule group caching - loaded: 0 newly cached: 0 total cacheable: 0
[1 - Suricata-Main] 2026-02-28 11:16:21 Info: unix-manager: unix socket '/var/run/suricata/suricata-command.socket'
[1 - Suricata-Main] 2026-02-28 11:16:21 Info: runmodes: eth0: creating 8 threads
[21 - W#01-eth0] 2026-02-28 11:16:21 Info: ioctl: eth0: MTU 1500
[1 - Suricata-Main] 2026-02-28 11:16:21 Notice: threads: Threads created -> W: 8 FM: 1 FR: 1   Engine started.
[1 - Suricata-Main] 2026-02-28 11:17:07 Notice: suricata: Signal Received.  Stopping engine.
[1 - Suricata-Main] 2026-02-28 11:17:08 Info: suricata: time elapsed 47.148s
[1 - Suricata-Main] 2026-02-28 11:17:09 Info: counters: Alerts: 105
[1 - Suricata-Main] 2026-02-28 11:17:09 Notice: device: eth0: packets: 774, drops: 0 (0.00%), invalid chksum: 0
[1 - Suricata-Main] 2026-02-28 11:20:14 Notice: suricata: This is Suricata version 8.0.3 RELEASE running in SYSTEM mode
[1 - Suricata-Main] 2026-02-28 11:20:14 Info: cpu: CPUs/cores online: 8
[1 - Suricata-Main] 2026-02-28 11:20:14 Info: suricata: Setting engine mode to IDS mode by default
[1 - Suricata-Main] 2026-02-28 11:20:14 Info: exception-policy: master exception-policy set to: auto
[1 - Suricata-Main] 2026-02-28 11:20:14 Info: privs: dropped the caps for main thread
[1 - Suricata-Main] 2026-02-28 11:20:14 Info: conf: Running in live mode, activating unix socket
[1 - Suricata-Main] 2026-02-28 11:20:14 Info: logopenfile: fast output device (regular) initialized: fast.log
[1 - Suricata-Main] 2026-02-28 11:20:14 Info: logopenfile: eve-log output device (regular) initialized: eve.json
[1 - Suricata-Main] 2026-02-28 11:20:14 Info: logopenfile: stats output device (regular) initialized: stats.log
[1 - Suricata-Main] 2026-02-28 11:20:14 Info: detect: 1 rule files processed. 8 rules successfully loaded, 0 rules failed, 0 rules skipped
[1 - Suricata-Main] 2026-02-28 11:20:14 Info: threshold-config: Threshold config parsed: 0 rule(s) found
[1 - Suricata-Main] 2026-02-28 11:20:14 Info: detect: 8 signatures processed. 0 are IP-only rules, 0 are inspecting packet payload, 1 inspect application layer, 0 are decoder event only
[1 - Suricata-Main] 2026-02-28 11:20:14 Notice: mpm-hs: Rule group caching - loaded: 0 newly cached: 0 total cacheable: 0
[1 - Suricata-Main] 2026-02-28 11:20:14 Info: unix-manager: unix socket '/var/run/suricata/suricata-command.socket'
[1 - Suricata-Main] 2026-02-28 11:20:14 Info: runmodes: eth0: creating 8 threads
[21 - W#01-eth0] 2026-02-28 11:20:14 Info: ioctl: eth0: MTU 1500
[1 - Suricata-Main] 2026-02-28 11:20:15 Notice: threads: Threads created -> W: 8 FM: 1 FR: 1   Engine started.
[1 - Suricata-Main] 2026-02-28 11:21:00 Notice: suricata: Signal Received.  Stopping engine.
[1 - Suricata-Main] 2026-02-28 11:21:00 Info: suricata: time elapsed 46.099s
[1 - Suricata-Main] 2026-02-28 11:21:01 Info: counters: Alerts: 110
[1 - Suricata-Main] 2026-02-28 11:21:01 Notice: device: eth0: packets: 783, drops: 0 (0.00%), invalid chksum: 0
[1 - Suricata-Main] 2026-02-28 15:18:19 Notice: suricata: This is Suricata version 8.0.3 RELEASE running in SYSTEM mode
[1 - Suricata-Main] 2026-02-28 15:18:19 Info: cpu: CPUs/cores online: 8
[1 - Suricata-Main] 2026-02-28 15:18:19 Info: suricata: Setting engine mode to IDS mode by default
[1 - Suricata-Main] 2026-02-28 15:18:19 Info: exception-policy: master exception-policy set to: auto
[1 - Suricata-Main] 2026-02-28 15:18:19 Info: privs: dropped the caps for main thread
[1 - Suricata-Main] 2026-02-28 15:18:19 Info: conf: Running in live mode, activating unix socket
[1 - Suricata-Main] 2026-02-28 15:18:19 Info: logopenfile: fast output device (regular) initialized: fast.log
[1 - Suricata-Main] 2026-02-28 15:18:19 Info: logopenfile: eve-log output device (regular) initialized: eve.json
[1 - Suricata-Main] 2026-02-28 15:18:19 Info: logopenfile: stats output device (regular) initialized: stats.log
[1 - Suricata-Main] 2026-02-28 15:18:19 Info: detect: 1 rule files processed. 8 rules successfully loaded, 0 rules failed, 0 rules skipped
[1 - Suricata-Main] 2026-02-28 15:18:19 Info: threshold-config: Threshold config parsed: 0 rule(s) found
[1 - Suricata-Main] 2026-02-28 15:18:19 Info: detect: 8 signatures processed. 0 are IP-only rules, 0 are inspecting packet payload, 1 inspect application layer, 0 are decoder event only
[1 - Suricata-Main] 2026-02-28 15:18:19 Notice: mpm-hs: Rule group caching - loaded: 0 newly cached: 0 total cacheable: 0
[1 - Suricata-Main] 2026-02-28 15:18:19 Info: unix-manager: unix socket '/var/run/suricata/suricata-command.socket'
[1 - Suricata-Main] 2026-02-28 15:18:19 Info: runmodes: eth0: creating 8 threads
[21 - W#01-eth0] 2026-02-28 15:18:19 Info: ioctl: eth0: MTU 1500
[1 - Suricata-Main] 2026-02-28 15:18:19 Notice: threads: Threads created -> W: 8 FM: 1 FR: 1   Engine started.
[1 - Suricata-Main] 2026-02-28 15:19:05 Notice: suricata: Signal Received.  Stopping engine.
[1 - Suricata-Main] 2026-02-28 15:19:05 Info: suricata: time elapsed 46.103s
[1 - Suricata-Main] 2026-02-28 15:19:06 Info: counters: Alerts: 108
[1 - Suricata-Main] 2026-02-28 15:19:06 Notice: device: eth0: packets: 784, drops: 0 (0.00%), invalid chksum: 0
[1 - Suricata-Main] 2026-02-28 18:42:39 Notice: suricata: This is Suricata version 8.0.3 RELEASE running in SYSTEM mode
[1 - Suricata-Main] 2026-02-28 18:42:39 Info: cpu: CPUs/cores online: 8
[1 - Suricata-Main] 2026-02-28 18:42:39 Info: suricata: Setting engine mode to IDS mode by default
[1 - Suricata-Main] 2026-02-28 18:42:39 Info: exception-policy: master exception-policy set to: auto
[1 - Suricata-Main] 2026-02-28 18:42:39 Info: privs: dropped the caps for main thread
[1 - Suricata-Main] 2026-02-28 18:42:39 Info: conf: Running in live mode, activating unix socket
[1 - Suricata-Main] 2026-02-28 18:42:39 Info: logopenfile: fast output device (regular) initialized: fast.log
[1 - Suricata-Main] 2026-02-28 18:42:39 Info: logopenfile: eve-log output device (regular) initialized: eve.json
[1 - Suricata-Main] 2026-02-28 18:42:39 Info: logopenfile: stats output device (regular) initialized: stats.log
[1 - Suricata-Main] 2026-02-28 18:42:39 Info: detect: 1 rule files processed. 8 rules successfully loaded, 0 rules failed, 0 rules skipped
[1 - Suricata-Main] 2026-02-28 18:42:39 Info: threshold-config: Threshold config parsed: 0 rule(s) found
[1 - Suricata-Main] 2026-02-28 18:42:39 Info: detect: 8 signatures processed. 0 are IP-only rules, 0 are inspecting packet payload, 1 inspect application layer, 0 are decoder event only
[1 - Suricata-Main] 2026-02-28 18:42:39 Notice: mpm-hs: Rule group caching - loaded: 0 newly cached: 0 total cacheable: 0
[1 - Suricata-Main] 2026-02-28 18:42:39 Info: unix-manager: unix socket '/var/run/suricata/suricata-command.socket'
[1 - Suricata-Main] 2026-02-28 18:42:39 Info: runmodes: eth0: creating 8 threads
[21 - W#01-eth0] 2026-02-28 18:42:39 Info: ioctl: eth0: MTU 1500
[1 - Suricata-Main] 2026-02-28 18:42:39 Notice: threads: Threads created -> W: 8 FM: 1 FR: 1   Engine started.
[1 - Suricata-Main] 2026-02-28 18:43:25 Notice: suricata: Signal Received.  Stopping engine.
[1 - Suricata-Main] 2026-02-28 18:43:25 Info: suricata: time elapsed 45.996s
[1 - Suricata-Main] 2026-02-28 18:43:26 Info: counters: Alerts: 108
[1 - Suricata-Main] 2026-02-28 18:43:26 Notice: device: eth0: packets: 789, drops: 0 (0.00%), invalid chksum: 0
[1 - Suricata-Main] 2026-02-28 18:53:09 Notice: suricata: This is Suricata version 8.0.3 RELEASE running in SYSTEM mode
[1 - Suricata-Main] 2026-02-28 18:53:09 Info: cpu: CPUs/cores online: 8
[1 - Suricata-Main] 2026-02-28 18:53:09 Info: suricata: Setting engine mode to IDS mode by default
[1 - Suricata-Main] 2026-02-28 18:53:09 Info: exception-policy: master exception-policy set to: auto
[1 - Suricata-Main] 2026-02-28 18:53:09 Info: privs: dropped the caps for main thread
[1 - Suricata-Main] 2026-02-28 18:53:09 Info: conf: Running in live mode, activating unix socket
[1 - Suricata-Main] 2026-02-28 18:53:09 Info: logopenfile: fast output device (regular) initialized: fast.log
[1 - Suricata-Main] 2026-02-28 18:53:09 Info: logopenfile: eve-log output device (regular) initialized: eve.json
[1 - Suricata-Main] 2026-02-28 18:53:09 Info: logopenfile: stats output device (regular) initialized: stats.log
[1 - Suricata-Main] 2026-02-28 18:53:09 Info: detect: 1 rule files processed. 8 rules successfully loaded, 0 rules failed, 0 rules skipped
[1 - Suricata-Main] 2026-02-28 18:53:09 Info: threshold-config: Threshold config parsed: 0 rule(s) found
[1 - Suricata-Main] 2026-02-28 18:53:09 Info: detect: 8 signatures processed. 0 are IP-only rules, 0 are inspecting packet payload, 1 inspect application layer, 0 are decoder event only
[1 - Suricata-Main] 2026-02-28 18:53:09 Notice: mpm-hs: Rule group caching - loaded: 0 newly cached: 0 total cacheable: 0
[1 - Suricata-Main] 2026-02-28 18:53:09 Info: unix-manager: unix socket '/var/run/suricata/suricata-command.socket'
[1 - Suricata-Main] 2026-02-28 18:53:09 Info: runmodes: eth0: creating 8 threads
[21 - W#01-eth0] 2026-02-28 18:53:09 Info: ioctl: eth0: MTU 1500
[1 - Suricata-Main] 2026-02-28 18:53:09 Notice: threads: Threads created -> W: 8 FM: 1 FR: 1   Engine started.
[1 - Suricata-Main] 2026-02-28 18:53:55 Notice: suricata: Signal Received.  Stopping engine.
[1 - Suricata-Main] 2026-02-28 18:53:55 Info: suricata: time elapsed 46.101s
[1 - Suricata-Main] 2026-02-28 18:53:56 Info: counters: Alerts: 108
[1 - Suricata-Main] 2026-02-28 18:53:56 Notice: device: eth0: packets: 781, drops: 0 (0.00%), invalid chksum: 0
[1 - Suricata-Main] 2026-02-28 19:27:14 Notice: suricata: This is Suricata version 8.0.3 RELEASE running in SYSTEM mode
[1 - Suricata-Main] 2026-02-28 19:27:14 Info: cpu: CPUs/cores online: 8
[1 - Suricata-Main] 2026-02-28 19:27:14 Info: suricata: Setting engine mode to IDS mode by default
[1 - Suricata-Main] 2026-02-28 19:27:14 Info: exception-policy: master exception-policy set to: auto
[1 - Suricata-Main] 2026-02-28 19:27:14 Info: privs: dropped the caps for main thread
[1 - Suricata-Main] 2026-02-28 19:27:14 Info: conf: Running in live mode, activating unix socket
[1 - Suricata-Main] 2026-02-28 19:27:14 Info: logopenfile: fast output device (regular) initialized: fast.log
[1 - Suricata-Main] 2026-02-28 19:27:14 Info: logopenfile: eve-log output device (regular) initialized: eve.json
[1 - Suricata-Main] 2026-02-28 19:27:14 Info: logopenfile: stats output device (regular) initialized: stats.log
[1 - Suricata-Main] 2026-02-28 19:27:14 Info: detect: 1 rule files processed. 8 rules successfully loaded, 0 rules failed, 0 rules skipped
[1 - Suricata-Main] 2026-02-28 19:27:14 Info: threshold-config: Threshold config parsed: 0 rule(s) found
[1 - Suricata-Main] 2026-02-28 19:27:14 Info: detect: 8 signatures processed. 0 are IP-only rules, 0 are inspecting packet payload, 1 inspect application layer, 0 are decoder event only
[1 - Suricata-Main] 2026-02-28 19:27:14 Notice: mpm-hs: Rule group caching - loaded: 0 newly cached: 0 total cacheable: 0
[1 - Suricata-Main] 2026-02-28 19:27:14 Info: unix-manager: unix socket '/var/run/suricata/suricata-command.socket'
[1 - Suricata-Main] 2026-02-28 19:27:14 Info: runmodes: eth0: creating 8 threads
[21 - W#01-eth0] 2026-02-28 19:27:14 Info: ioctl: eth0: MTU 1500
[1 - Suricata-Main] 2026-02-28 19:27:14 Notice: threads: Threads created -> W: 8 FM: 1 FR: 1   Engine started.
[1 - Suricata-Main] 2026-02-28 19:28:34 Notice: suricata: Signal Received.  Stopping engine.
[1 - Suricata-Main] 2026-02-28 19:28:35 Info: suricata: time elapsed 81.026s
[1 - Suricata-Main] 2026-02-28 19:28:36 Info: counters: Alerts: 107
[1 - Suricata-Main] 2026-02-28 19:28:36 Notice: device: eth0: packets: 681, drops: 0 (0.00%), invalid chksum: 0
[1 - Suricata-Main] 2026-02-28 19:35:23 Notice: suricata: This is Suricata version 8.0.3 RELEASE running in SYSTEM mode
[1 - Suricata-Main] 2026-02-28 19:35:23 Info: cpu: CPUs/cores online: 8
[1 - Suricata-Main] 2026-02-28 19:35:23 Info: suricata: Setting engine mode to IDS mode by default
[1 - Suricata-Main] 2026-02-28 19:35:23 Info: exception-policy: master exception-policy set to: auto
[1 - Suricata-Main] 2026-02-28 19:35:23 Info: privs: dropped the caps for main thread
[1 - Suricata-Main] 2026-02-28 19:35:23 Info: conf: Running in live mode, activating unix socket
[1 - Suricata-Main] 2026-02-28 19:35:23 Info: logopenfile: fast output device (regular) initialized: fast.log
[1 - Suricata-Main] 2026-02-28 19:35:23 Info: logopenfile: eve-log output device (regular) initialized: eve.json
[1 - Suricata-Main] 2026-02-28 19:35:23 Info: logopenfile: stats output device (regular) initialized: stats.log
[1 - Suricata-Main] 2026-02-28 19:35:23 Info: detect: 1 rule files processed. 8 rules successfully loaded, 0 rules failed, 0 rules skipped
[1 - Suricata-Main] 2026-02-28 19:35:23 Info: threshold-config: Threshold config parsed: 0 rule(s) found
[1 - Suricata-Main] 2026-02-28 19:35:23 Info: detect: 8 signatures processed. 0 are IP-only rules, 0 are inspecting packet payload, 1 inspect application layer, 0 are decoder event only
[1 - Suricata-Main] 2026-02-28 19:35:23 Notice: mpm-hs: Rule group caching - loaded: 0 newly cached: 0 total cacheable: 0
[1 - Suricata-Main] 2026-02-28 19:35:23 Info: unix-manager: unix socket '/var/run/suricata/suricata-command.socket'
[1 - Suricata-Main] 2026-02-28 19:35:23 Info: runmodes: eth0: creating 8 threads
[21 - W#01-eth0] 2026-02-28 19:35:23 Info: ioctl: eth0: MTU 1500
[1 - Suricata-Main] 2026-02-28 19:35:23 Notice: threads: Threads created -> W: 8 FM: 1 FR: 1   Engine started.
[1 - Suricata-Main] 2026-02-28 19:36:43 Notice: suricata: Signal Received.  Stopping engine.
[1 - Suricata-Main] 2026-02-28 19:36:44 Info: suricata: time elapsed 81.177s
[1 - Suricata-Main] 2026-02-28 19:36:45 Info: counters: Alerts: 107
[1 - Suricata-Main] 2026-02-28 19:36:45 Notice: device: eth0: packets: 679, drops: 0 (0.00%), invalid chksum: 0
